TN:
SF:src/App.css
FNF:0
FNH:0
LF:0
LH:0
BRF:0
BRH:0
end_of_record
TN:
SF:src/App.tsx
FN:4,App
FNF:1
FNH:1
FNDA:1,App
DA:5,1
LF:1
LH:1
BRF:0
BRH:0
end_of_record
TN:
SF:src/index.css
FNF:0
FNH:0
LF:0
LH:0
BRF:0
BRH:0
end_of_record
TN:
SF:src/api/client.ts
FN:13,(anonymous_0)
FN:21,(anonymous_1)
FNF:2
FNH:1
FNDA:1,(anonymous_0)
FNDA:0,(anonymous_1)
DA:4,1
DA:6,1
DA:13,1
DA:15,1
DA:16,1
DA:17,0
DA:19,1
DA:22,0
LF:8
LH:6
BRDA:4,0,0,1
BRDA:4,0,1,1
BRDA:16,1,0,0
BRDA:16,1,1,1
BRF:4
BRH:3
end_of_record
TN:
SF:src/assets/hero.png
FNF:0
FNH:0
LF:0
LH:0
BRF:0
BRH:0
end_of_record
TN:
SF:src/assets/react.svg
FNF:0
FNH:0
LF:0
LH:0
BRF:0
BRH:0
end_of_record
TN:
SF:src/assets/vite.svg
FNF:0
FNH:0
LF:0
LH:0
BRF:0
BRH:0
end_of_record
TN:
SF:src/features/task-management/components/AuditTimeline.module.css
FNF:0
FNH:0
LF:0
LH:0
BRF:0
BRH:0
end_of_record
TN:
SF:src/features/task-management/components/AuditTimeline.tsx
FN:16,(anonymous_0)
FN:25,(anonymous_1)
FN:41,(anonymous_2)
FN:51,(anonymous_3)
FN:80,(anonymous_4)
FNF:5
FNH:5
FNDA:10,(anonymous_0)
FNDA:3,(anonymous_1)
FNDA:3,(anonymous_2)
FNDA:6,(anonymous_3)
FNDA:3,(anonymous_4)
DA:16,3
DA:17,10
DA:25,10
DA:26,3
DA:41,10
DA:42,3
DA:51,10
DA:52,6
DA:53,5
DA:54,5
DA:57,10
DA:58,1
DA:61,9
DA:62,1
DA:65,8
DA:66,6
DA:76,2
DA:81,3
LF:18
LH:18
BRDA:52,0,0,1
BRDA:52,0,1,5
BRDA:52,1,0,6
BRDA:52,1,1,5
BRDA:53,2,0,0
BRDA:53,2,1,5
BRDA:57,3,0,1
BRDA:57,3,1,9
BRDA:61,4,0,1
BRDA:61,4,1,8
BRDA:65,5,0,6
BRDA:65,5,1,2
BRDA:65,6,0,8
BRDA:65,6,1,8
BRF:14
BRH:13
end_of_record
TN:
SF:src/features/task-management/components/TaskCard.module.css
FNF:0
FNH:0
LF:0
LH:0
BRF:0
BRH:0
end_of_record
TN:
SF:src/features/task-management/components/TaskCard.tsx
FN:18,(anonymous_0)
FN:25,(anonymous_1)
FN:46,(anonymous_2)
FNF:3
FNH:0
FNDA:0,(anonymous_0)
FNDA:0,(anonymous_1)
FNDA:0,(anonymous_2)
DA:18,1
DA:25,0
DA:26,0
DA:28,0
DA:30,0
DA:32,0
DA:34,0
DA:36,0
DA:46,0
DA:47,0
DA:49,0
DA:51,0
DA:53,0
DA:55,0
DA:57,0
DA:61,0
LF:16
LH:1
BRDA:26,0,0,0
BRDA:26,0,1,0
BRDA:26,0,2,0
BRDA:26,0,3,0
BRDA:26,0,4,0
BRDA:47,1,0,0
BRDA:47,1,1,0
BRDA:47,1,2,0
BRDA:47,1,3,0
BRDA:47,1,4,0
BRDA:65,2,0,0
BRDA:65,2,1,0
BRDA:79,3,0,0
BRDA:79,3,1,0
BRF:14
BRH:0
end_of_record
TN:
SF:src/features/task-management/components/TaskDashboard.module.css
FNF:0
FNH:0
LF:0
LH:0
BRF:0
BRH:0
end_of_record
TN:
SF:src/features/task-management/components/TaskDashboard.tsx
FN:15,(anonymous_0)
FN:30,(anonymous_1)
FN:38,(anonymous_2)
FN:42,(anonymous_3)
FN:51,(anonymous_4)
FN:60,(anonymous_5)
FN:69,(anonymous_6)
FN:78,(anonymous_7)
FN:85,(anonymous_8)
FN:103,(anonymous_9)
FN:108,(anonymous_10)
FN:116,(anonymous_11)
FN:124,(anonymous_12)
FN:151,(anonymous_13)
FN:165,(anonymous_14)
FN:180,(anonymous_15)
FN:184,(anonymous_16)
FNF:17
FNH:3
FNDA:1,(anonymous_0)
FNDA:0,(anonymous_1)
FNDA:0,(anonymous_2)
FNDA:0,(anonymous_3)
FNDA:0,(anonymous_4)
FNDA:0,(anonymous_5)
FNDA:0,(anonymous_6)
FNDA:0,(anonymous_7)
FNDA:0,(anonymous_8)
FNDA:0,(anonymous_9)
FNDA:4,(anonymous_10)
FNDA:0,(anonymous_11)
FNDA:4,(anonymous_12)
FNDA:0,(anonymous_13)
FNDA:0,(anonymous_14)
FNDA:0,(anonymous_15)
FNDA:0,(anonymous_16)
DA:15,1
DA:16,1
DA:24,1
DA:25,1
DA:26,1
DA:28,1
DA:30,1
DA:38,1
DA:42,0
DA:51,1
DA:52,0
DA:60,1
DA:61,0
DA:62,0
DA:63,0
DA:69,1
DA:70,0
DA:71,0
DA:72,0
DA:78,1
DA:79,0
DA:85,1
DA:86,0
DA:87,0
DA:88,0
DA:91,1
DA:104,0
DA:109,4
DA:117,0
DA:125,4
DA:151,0
DA:165,0
DA:180,0
DA:184,0
LF:34
LH:16
BRDA:102,0,0,1
BRDA:102,0,1,1
BRDA:104,1,0,0
BRDA:104,1,1,0
BRDA:115,2,0,1
BRDA:115,2,1,1
BRDA:119,3,0,0
BRDA:119,3,1,0
BRDA:135,4,0,1
BRDA:135,4,1,1
BRDA:147,5,0,1
BRDA:147,5,1,0
BRDA:161,6,0,1
BRDA:161,6,1,0
BRDA:161,6,2,0
BRDA:176,7,0,1
BRDA:176,7,1,0
BRDA:176,7,2,0
BRF:18
BRH:9
end_of_record
TN:
SF:src/features/task-management/components/TaskDetailsView.module.css
FNF:0
FNH:0
LF:0
LH:0
BRF:0
BRH:0
end_of_record
TN:
SF:src/features/task-management/components/TaskDetailsView.tsx
FN:22,(anonymous_0)
FN:34,(anonymous_1)
FN:47,(anonymous_2)
FN:58,(anonymous_3)
FN:67,(anonymous_4)
FN:133,(anonymous_5)
FN:137,(anonymous_6)
FNF:7
FNH:7
FNDA:5,(anonymous_0)
FNDA:1,(anonymous_1)
FNDA:15,(anonymous_2)
FNDA:5,(anonymous_3)
FNDA:5,(anonymous_4)
FNDA:20,(anonymous_5)
FNDA:1,(anonymous_6)
DA:22,2
DA:27,5
DA:34,5
DA:35,1
DA:47,5
DA:48,15
DA:49,15
DA:58,5
DA:59,5
DA:67,5
DA:68,5
DA:70,5
DA:134,20
DA:137,1
LF:14
LH:14
BRDA:48,0,0,0
BRDA:48,0,1,15
BRDA:59,1,0,5
BRDA:59,1,1,0
BRDA:68,2,0,5
BRDA:68,2,1,0
BRDA:89,3,0,5
BRDA:89,3,1,0
BRDA:98,4,0,5
BRDA:98,4,1,0
BRDA:138,5,0,20
BRDA:138,5,1,15
BRF:12
BRH:7
end_of_record
TN:
SF:src/features/task-management/components/TaskForm.module.css
FNF:0
FNH:0
LF:0
LH:0
BRF:0
BRH:0
end_of_record
TN:
SF:src/features/task-management/components/TaskForm.tsx
FN:27,(anonymous_0)
FN:49,(anonymous_1)
FN:50,(anonymous_2)
FN:51,(anonymous_3)
FN:52,(anonymous_4)
FN:53,(anonymous_5)
FN:54,(anonymous_6)
FN:60,(anonymous_7)
FN:62,(anonymous_8)
FN:77,(anonymous_9)
FN:83,(anonymous_10)
FN:85,(anonymous_11)
FN:95,(anonymous_12)
FN:105,(anonymous_13)
FN:189,(anonymous_14)
FN:210,(anonymous_15)
FNF:16
FNH:15
FNDA:14,(anonymous_0)
FNDA:14,(anonymous_1)
FNDA:14,(anonymous_2)
FNDA:14,(anonymous_3)
FNDA:14,(anonymous_4)
FNDA:14,(anonymous_5)
FNDA:14,(anonymous_6)
FNDA:14,(anonymous_7)
FNDA:84,(anonymous_8)
FNDA:5,(anonymous_9)
FNDA:5,(anonymous_10)
FNDA:0,(anonymous_11)
FNDA:3,(anonymous_12)
FNDA:3,(anonymous_13)
FNDA:56,(anonymous_14)
FNDA:20,(anonymous_15)
DA:27,2
DA:28,14
DA:29,14
DA:30,14
DA:33,14
DA:34,14
DA:36,14
DA:48,14
DA:49,14
DA:50,14
DA:51,14
DA:52,14
DA:53,14
DA:54,14
DA:60,14
DA:61,14
DA:62,14
DA:64,84
DA:65,84
DA:68,14
DA:71,14
DA:72,14
DA:77,14
DA:82,5
DA:83,5
DA:84,5
DA:85,0
DA:86,0
DA:87,0
DA:95,14
DA:96,3
DA:97,3
DA:98,3
DA:99,3
DA:105,14
DA:106,3
DA:107,3
DA:109,2
DA:117,3
DA:118,1
DA:122,1
DA:127,1
DA:131,14
DA:190,56
DA:211,20
LF:45
LH:42
BRDA:33,0,0,14
BRDA:33,0,1,14
BRDA:34,1,0,14
BRDA:34,1,1,14
BRDA:50,2,0,14
BRDA:50,2,1,9
BRDA:52,3,0,14
BRDA:52,3,1,14
BRDA:53,4,0,0
BRDA:53,4,1,14
BRDA:64,5,0,30
BRDA:64,5,1,54
BRDA:65,6,0,84
BRDA:65,6,1,0
BRDA:84,7,0,0
BRDA:84,7,1,5
BRDA:97,8,0,1
BRDA:97,8,1,2
BRDA:107,9,0,1
BRDA:107,9,1,2
BRDA:111,10,0,2
BRDA:111,10,1,0
BRDA:113,11,0,0
BRDA:113,11,1,2
BRDA:114,12,0,3
BRDA:114,12,1,2
BRDA:117,13,0,1
BRDA:117,13,1,1
BRDA:117,14,0,3
BRDA:117,14,1,1
BRDA:134,15,0,5
BRDA:134,15,1,9
BRDA:137,16,0,14
BRDA:137,16,1,0
BRDA:139,17,0,0
BRDA:139,17,1,0
BRDA:159,18,0,14
BRDA:159,18,1,1
BRDA:197,19,0,14
BRDA:197,19,1,5
BRDA:232,20,0,14
BRDA:232,20,1,0
BRDA:272,21,0,0
BRDA:272,21,1,14
BRDA:274,22,0,5
BRDA:274,22,1,9
BRF:46
BRH:36
end_of_record
TN:
SF:src/features/task-management/components/TaskList.module.css
FNF:0
FNH:0
LF:0
LH:0
BRF:0
BRH:0
end_of_record
TN:
SF:src/features/task-management/components/TaskList.tsx
FN:32,(anonymous_0)
FN:57,(anonymous_1)
FN:82,(anonymous_2)
FN:86,(anonymous_3)
FNF:4
FNH:1
FNDA:1,(anonymous_0)
FNDA:0,(anonymous_1)
FNDA:0,(anonymous_2)
FNDA:0,(anonymous_3)
DA:32,1
DA:40,1
DA:41,0
DA:44,1
DA:45,0
DA:52,1
DA:53,1
DA:57,0
DA:58,0
DA:59,0
DA:60,0
DA:62,0
DA:63,0
DA:65,0
DA:69,0
DA:71,0
DA:74,0
DA:75,0
DA:80,0
DA:83,0
DA:86,0
LF:21
LH:5
BRDA:40,0,0,0
BRDA:40,0,1,1
BRDA:44,1,0,0
BRDA:44,1,1,1
BRDA:52,2,0,1
BRDA:52,2,1,0
BRDA:59,3,0,0
BRDA:59,3,1,0
BRDA:59,4,0,0
BRDA:59,4,1,0
BRDA:62,5,0,0
BRDA:62,5,1,0
BRDA:62,6,0,0
BRDA:62,6,1,0
BRDA:65,7,0,0
BRDA:65,7,1,0
BRDA:66,8,0,0
BRDA:66,8,1,0
BRDA:74,9,0,0
BRDA:74,9,1,0
BRF:20
BRH:3
end_of_record
TN:
SF:src/features/task-management/hooks/useTasks.ts
FN:29,(anonymous_0)
FN:46,(anonymous_1)
FN:57,(anonymous_2)
FN:68,(anonymous_3)
FN:71,(anonymous_4)
FN:82,(anonymous_5)
FN:85,(anonymous_6)
FN:96,(anonymous_7)
FN:99,(anonymous_8)
FN:109,(anonymous_9)
FN:112,(anonymous_10)
FN:116,(anonymous_11)
FN:127,(anonymous_12)
FN:130,(anonymous_13)
FN:134,(anonymous_14)
FN:146,(anonymous_15)
FN:148,(anonymous_16)
FNF:17
FNH:3
FNDA:1,(anonymous_0)
FNDA:0,(anonymous_1)
FNDA:0,(anonymous_2)
FNDA:1,(anonymous_3)
FNDA:1,(anonymous_4)
FNDA:0,(anonymous_5)
FNDA:0,(anonymous_6)
FNDA:0,(anonymous_7)
FNDA:0,(anonymous_8)
FNDA:0,(anonymous_9)
FNDA:0,(anonymous_10)
FNDA:0,(anonymous_11)
FNDA:0,(anonymous_12)
FNDA:0,(anonymous_13)
FNDA:0,(anonymous_14)
FNDA:0,(anonymous_15)
FNDA:0,(anonymous_16)
DA:29,1
DA:30,1
DA:37,0
DA:46,1
DA:47,0
DA:48,0
DA:57,1
DA:58,0
DA:59,0
DA:68,1
DA:69,1
DA:71,1
DA:82,1
DA:83,0
DA:85,0
DA:96,1
DA:97,0
DA:99,0
DA:109,1
DA:110,0
DA:111,0
DA:113,0
DA:114,0
DA:117,0
DA:127,1
DA:128,0
DA:129,0
DA:131,0
DA:132,0
DA:135,0
DA:136,0
DA:146,1
DA:147,0
DA:148,0
LF:34
LH:12
BRF:0
BRH:0
end_of_record
TN:
SF:src/features/task-management/types/index.ts
FNF:0
FNH:0
DA:9,3
DA:24,3
LF:2
LH:2
BRF:0
BRH:0
end_of_record
