TN:
SF:src/App.css
FNF:0
FNH:0
LF:0
LH:0
BRF:0
BRH:0
end_of_record
TN:
SF:src/App.tsx
FN:4,App
FNF:1
FNH:1
FNDA:1,App
DA:5,1
LF:1
LH:1
BRF:0
BRH:0
end_of_record
TN:
SF:src/TaskDashboard.module.css
FNF:0
FNH:0
LF:0
LH:0
BRF:0
BRH:0
end_of_record
TN:
SF:src/TaskDashboard.tsx
FN:19,(anonymous_0)
FN:23,(anonymous_1)
FN:25,(anonymous_2)
FN:26,(anonymous_3)
FN:30,(anonymous_4)
FN:42,(anonymous_5)
FN:47,(anonymous_6)
FNF:7
FNH:0
FNDA:0,(anonymous_0)
FNDA:0,(anonymous_1)
FNDA:0,(anonymous_2)
FNDA:0,(anonymous_3)
FNDA:0,(anonymous_4)
FNDA:0,(anonymous_5)
FNDA:0,(anonymous_6)
DA:19,0
DA:20,0
DA:21,0
DA:23,0
DA:24,0
DA:25,0
DA:27,0
DA:28,0
DA:31,0
DA:32,0
DA:36,0
DA:38,0
DA:42,0
DA:48,0
LF:14
LH:0
BRDA:36,0,0,0
BRDA:36,0,1,0
BRDA:46,1,0,0
BRDA:46,1,1,0
BRDA:50,2,0,0
BRDA:50,2,1,0
BRF:6
BRH:0
end_of_record
TN:
SF:src/index.css
FNF:0
FNH:0
LF:0
LH:0
BRF:0
BRH:0
end_of_record
TN:
SF:src/api/client.ts
FN:13,(anonymous_0)
FN:21,(anonymous_1)
FNF:2
FNH:1
FNDA:1,(anonymous_0)
FNDA:0,(anonymous_1)
DA:4,1
DA:6,1
DA:13,1
DA:15,1
DA:16,1
DA:17,0
DA:19,1
DA:22,0
LF:8
LH:6
BRDA:4,0,0,1
BRDA:4,0,1,1
BRDA:16,1,0,0
BRDA:16,1,1,1
BRF:4
BRH:3
end_of_record
TN:
SF:src/assets/hero.png
FNF:0
FNH:0
LF:0
LH:0
BRF:0
BRH:0
end_of_record
TN:
SF:src/assets/react.svg
FNF:0
FNH:0
LF:0
LH:0
BRF:0
BRH:0
end_of_record
TN:
SF:src/assets/vite.svg
FNF:0
FNH:0
LF:0
LH:0
BRF:0
BRH:0
end_of_record
TN:
SF:src/features/task-management/components/TaskCard.module.css
FNF:0
FNH:0
LF:0
LH:0
BRF:0
BRH:0
end_of_record
TN:
SF:src/features/task-management/components/TaskCard.tsx
FN:16,(anonymous_0)
FN:23,(anonymous_1)
FN:39,(anonymous_2)
FNF:3
FNH:0
FNDA:0,(anonymous_0)
FNDA:0,(anonymous_1)
FNDA:0,(anonymous_2)
DA:16,1
DA:23,0
DA:24,0
DA:25,0
DA:26,0
DA:27,0
DA:28,0
DA:29,0
DA:39,0
DA:40,0
DA:41,0
DA:42,0
DA:43,0
DA:44,0
DA:45,0
DA:49,0
LF:16
LH:1
BRDA:24,0,0,0
BRDA:24,0,1,0
BRDA:24,0,2,0
BRDA:24,0,3,0
BRDA:24,0,4,0
BRDA:40,1,0,0
BRDA:40,1,1,0
BRDA:40,1,2,0
BRDA:40,1,3,0
BRDA:40,1,4,0
BRDA:52,2,0,0
BRDA:52,2,1,0
BRDA:61,3,0,0
BRDA:61,3,1,0
BRF:14
BRH:0
end_of_record
TN:
SF:src/features/task-management/components/TaskDashboard.module.css
FNF:0
FNH:0
LF:0
LH:0
BRF:0
BRH:0
end_of_record
TN:
SF:src/features/task-management/components/TaskDashboard.tsx
FN:13,(anonymous_0)
FN:30,(anonymous_1)
FN:31,(anonymous_2)
FN:40,(anonymous_3)
FN:51,(anonymous_4)
FN:54,(anonymous_5)
FN:60,(anonymous_6)
FN:63,(anonymous_7)
FNF:8
FNH:3
FNDA:1,(anonymous_0)
FNDA:0,(anonymous_1)
FNDA:0,(anonymous_2)
FNDA:0,(anonymous_3)
FNDA:0,(anonymous_4)
FNDA:4,(anonymous_5)
FNDA:0,(anonymous_6)
FNDA:4,(anonymous_7)
DA:13,1
DA:14,1
DA:22,1
DA:30,1
DA:31,0
DA:40,1
DA:41,0
DA:44,1
DA:51,0
DA:55,4
DA:60,0
DA:64,4
LF:12
LH:8
BRDA:50,0,0,1
BRDA:50,0,1,1
BRDA:51,1,0,0
BRDA:51,1,1,0
BRDA:59,2,0,1
BRDA:59,2,1,1
BRDA:60,3,0,0
BRDA:60,3,1,0
BRDA:70,4,0,1
BRDA:70,4,1,1
BRF:10
BRH:6
end_of_record
TN:
SF:src/features/task-management/components/TaskList.module.css
FNF:0
FNH:0
LF:0
LH:0
BRF:0
BRH:0
end_of_record
TN:
SF:src/features/task-management/components/TaskList.tsx
FN:30,(anonymous_0)
FN:44,(anonymous_1)
FN:64,(anonymous_2)
FNF:3
FNH:1
FNDA:1,(anonymous_0)
FNDA:0,(anonymous_1)
FNDA:0,(anonymous_2)
DA:30,1
DA:31,1
DA:32,0
DA:35,1
DA:36,0
DA:39,1
DA:40,1
DA:44,0
DA:45,0
DA:46,0
DA:47,0
DA:49,0
DA:50,0
DA:52,0
DA:53,0
DA:55,0
DA:58,0
DA:59,0
DA:62,0
DA:65,0
LF:20
LH:5
BRDA:31,0,0,0
BRDA:31,0,1,1
BRDA:35,1,0,0
BRDA:35,1,1,1
BRDA:39,2,0,1
BRDA:39,2,1,0
BRDA:46,3,0,0
BRDA:46,3,1,0
BRDA:46,4,0,0
BRDA:46,4,1,0
BRDA:49,5,0,0
BRDA:49,5,1,0
BRDA:49,6,0,0
BRDA:49,6,1,0
BRDA:52,7,0,0
BRDA:52,7,1,0
BRDA:52,8,0,0
BRDA:52,8,1,0
BRDA:58,9,0,0
BRDA:58,9,1,0
BRF:20
BRH:3
end_of_record
TN:
SF:src/features/task-management/hooks/useTasks.ts
FN:24,(anonymous_0)
FN:41,(anonymous_1)
FN:44,(anonymous_2)
FN:54,(anonymous_3)
FN:56,(anonymous_4)
FNF:5
FNH:3
FNDA:1,(anonymous_0)
FNDA:1,(anonymous_1)
FNDA:1,(anonymous_2)
FNDA:0,(anonymous_3)
FNDA:0,(anonymous_4)
DA:24,1
DA:25,1
DA:32,0
DA:41,1
DA:42,1
DA:44,1
DA:54,1
DA:55,0
DA:56,0
LF:9
LH:6
BRF:0
BRH:0
end_of_record
TN:
SF:src/features/task-management/types/index.ts
FNF:0
FNH:0
DA:9,1
DA:24,1
LF:2
LH:2
BRF:0
BRH:0
end_of_record
